<?xml version="1.0" encoding="UTF-8"?>
<!-- Generated by org.testng.reporters.JUnitReportReporter -->
<testsuite skipped="1" hostname="LT-PF1T61GZ" name="org.VishalIndustries.SRPTest" tests="1" failures="0" timestamp="2021-04-20T16:24:37 IST" time="0.000" errors="0">
  <testcase name="FlightTest" time="0.000" classname="org.VishalIndustries.SRPTest">
    <skipped/>
  </testcase> <!-- FlightTest -->
  <system-out/>
</testsuite> <!-- org.VishalIndustries.SRPTest -->
